2021-12-03T13:37:35+00:00 CRITICAL Uncaught Error: Call to undefined function get_searsh_form() in /opt/lampp/htdocs/projet1000/wordpress/wp-content/themes/projet1000/header.php:39
Stack trace:
#0 /opt/lampp/htdocs/projet1000/wordpress/wp-includes/template.php(770): require_once()
#1 /opt/lampp/htdocs/projet1000/wordpress/wp-includes/template.php(716): load_template('/opt/lampp/htdo...', true, Array)
#2 /opt/lampp/htdocs/projet1000/wordpress/wp-includes/general-template.php(48): locate_template(Array, true, true, Array)
#3 /opt/lampp/htdocs/projet1000/wordpress/wp-content/themes/projet1000/front-page.php(1): get_header()
#4 /opt/lampp/htdocs/projet1000/wordpress/wp-includes/template-loader.php(106): include('/opt/lampp/htdo...')
#5 /opt/lampp/htdocs/projet1000/wordpress/wp-blog-header.php(19): require_once('/opt/lampp/htdo...')
#6 /opt/lampp/htdocs/projet1000/wordpress/index.php(17): require('/opt/lampp/htdo...')
#7 {main}
  thrown in /opt/lampp/htdocs/projet1000/wordpress/wp-content/themes/projet1000/header.php on line 39

2021-12-03T13:37:39+00:00 CRITICAL Uncaught Error: Call to undefined function get_searsh_form() in /opt/lampp/htdocs/projet1000/wordpress/wp-content/themes/projet1000/header.php:39
Stack trace:
#0 /opt/lampp/htdocs/projet1000/wordpress/wp-includes/template.php(770): require_once()
#1 /opt/lampp/htdocs/projet1000/wordpress/wp-includes/template.php(716): load_template('/opt/lampp/htdo...', true, Array)
#2 /opt/lampp/htdocs/projet1000/wordpress/wp-includes/general-template.php(48): locate_template(Array, true, true, Array)
#3 /opt/lampp/htdocs/projet1000/wordpress/wp-content/themes/projet1000/index.php(1): get_header()
#4 /opt/lampp/htdocs/projet1000/wordpress/wp-includes/template-loader.php(106): include('/opt/lampp/htdo...')
#5 /opt/lampp/htdocs/projet1000/wordpress/wp-blog-header.php(19): require_once('/opt/lampp/htdo...')
#6 /opt/lampp/htdocs/projet1000/wordpress/index.php(17): require('/opt/lampp/htdo...')
#7 {main}
  thrown in /opt/lampp/htdocs/projet1000/wordpress/wp-content/themes/projet1000/header.php on line 39

