12-01-2021 @ 14:22:20 - ---[ New import started at 2021-12-01 14:22:20 ] PHP Memory: 512 MB, WP Memory: 40 MB
12-01-2021 @ 14:22:20 - Preparing for import.
12-01-2021 @ 14:22:20 - Row :1 - Parsing item.
12-01-2021 @ 14:22:20 - Row :1 - Parsing failed. Reason: Importing Product(ID) conflicts with an existing post. ID: 50
12-01-2021 @ 14:22:20 - Row :2 - Parsing item.
12-01-2021 @ 14:22:20 - Row :2 - Parsing failed. Reason: Importing Product(ID) conflicts with an existing post. ID: 51
12-01-2021 @ 14:22:20 - Row :3 - Parsing item.
12-01-2021 @ 14:22:20 - Row :3 - Parsing failed. Reason: Importing Product(ID) conflicts with an existing post. ID: 52
12-01-2021 @ 14:22:20 - Row :4 - Parsing item.
12-01-2021 @ 14:22:20 - Row :4 - Parsing failed. Reason: Importing Product(ID) conflicts with an existing post. ID: 53
12-01-2021 @ 14:22:20 - Row :5 - Parsing item.
12-01-2021 @ 14:22:20 - Row :5 - Parsing failed. Reason: Content, title, and excerpt are empty.
12-01-2021 @ 14:22:20 - Row :6 - Parsing item.
12-01-2021 @ 14:22:20 - Row :6 - Parsing failed. Reason: Content, title, and excerpt are empty.
12-01-2021 @ 14:22:20 - Row :7 - Parsing item.
12-01-2021 @ 14:22:20 - Row :7 - Parsing failed. Reason: Content, title, and excerpt are empty.
12-01-2021 @ 14:22:20 - Row :8 - Parsing item.
12-01-2021 @ 14:22:20 - Row :8 - Parsing failed. Reason: Content, title, and excerpt are empty.
12-01-2021 @ 14:22:20 - Row :9 - Parsing item.
12-01-2021 @ 14:22:20 - Row :9 - Parsing failed. Reason: Content, title, and excerpt are empty.
12-01-2021 @ 14:22:20 - Row :10 - Parsing item.
12-01-2021 @ 14:22:20 - Row :10 - Parsing failed. Reason: Content, title, and excerpt are empty.
12-01-2021 @ 14:22:21 - Preparing for import.
12-01-2021 @ 14:22:21 - Row :11 - Parsing item.
12-01-2021 @ 14:22:21 - Row :11 - Parsing failed. Reason: Content, title, and excerpt are empty.
12-01-2021 @ 14:22:21 - Row :12 - Parsing item.
12-01-2021 @ 14:22:21 - Row :12 - Parsing failed. Reason: Content, title, and excerpt are empty.
12-01-2021 @ 14:22:21 - Row :13 - Parsing item.
12-01-2021 @ 14:22:21 - Row :13 - Parsing failed. Reason: Content, title, and excerpt are empty.
12-01-2021 @ 14:22:21 - Row :14 - Parsing item.
12-01-2021 @ 14:22:21 - Row :14 - Parsing failed. Reason: Content, title, and excerpt are empty.
12-01-2021 @ 14:22:21 - Row :15 - Parsing item.
12-01-2021 @ 14:22:21 - Row :15 - Parsing failed. Reason: Content, title, and excerpt are empty.
12-01-2021 @ 14:22:21 - Row :16 - Parsing item.
12-01-2021 @ 14:22:21 - Row :16 - Parsing failed. Reason: Content, title, and excerpt are empty.
12-01-2021 @ 14:22:21 - Row :17 - Parsing item.
12-01-2021 @ 14:22:21 - Row :17 - Parsing failed. Reason: Content, title, and excerpt are empty.
12-01-2021 @ 14:22:21 - Row :18 - Parsing item.
12-01-2021 @ 14:22:21 - Row :18 - Parsing failed. Reason: Content, title, and excerpt are empty.
12-01-2021 @ 14:22:21 - Row :19 - Parsing item.
12-01-2021 @ 14:22:21 - Row :19 - Parsing failed. Reason: Content, title, and excerpt are empty.
12-01-2021 @ 14:22:21 - Row :20 - Parsing item.
12-01-2021 @ 14:22:21 - Row :20 - Parsing failed. Reason: Content, title, and excerpt are empty.
12-01-2021 @ 14:22:23 - Preparing for import.
12-01-2021 @ 14:22:23 - Row :21 - Parsing item.
12-01-2021 @ 14:22:23 - Row :21 - Parsing failed. Reason: Content, title, and excerpt are empty.
12-01-2021 @ 14:22:23 - Row :22 - Parsing item.
12-01-2021 @ 14:22:23 - Row :22 - Parsing failed. Reason: Content, title, and excerpt are empty.
12-01-2021 @ 14:22:23 - Row :23 - Parsing item.
12-01-2021 @ 14:22:23 - Row :23 - Parsing failed. Reason: Content, title, and excerpt are empty.
12-01-2021 @ 14:22:23 - Row :24 - Parsing item.
12-01-2021 @ 14:22:23 - Row :24 - Parsing failed. Reason: Content, title, and excerpt are empty.
12-01-2021 @ 14:22:23 - Row :25 - Parsing item.
12-01-2021 @ 14:22:23 - Row :25 - Parsing failed. Reason: Content, title, and excerpt are empty.
12-01-2021 @ 14:22:23 - ---[ Import ended at 2021-12-01 14:22:23]---
