12-02-2021 @ 08:49:19 - ---[ New import started at 2021-12-02 08:49:19 ] PHP Memory: 512 MB, WP Memory: 40 MB
12-02-2021 @ 08:49:19 - Preparing for import.
12-02-2021 @ 08:49:19 - Row :1 - Parsing item.
12-02-2021 @ 08:49:19 - Row :1 - Parsing failed. Reason: Product with same ID already exists. ID: 12
12-02-2021 @ 08:49:19 - Row :2 - Parsing item.
12-02-2021 @ 08:49:19 - Row :2 - Parsing failed. Reason: Product with same ID already exists. ID: 13
12-02-2021 @ 08:49:19 - Row :3 - Parsing item.
12-02-2021 @ 08:49:19 - Row :3 - Parsing failed. Reason: Product with same ID already exists. ID: 14
12-02-2021 @ 08:49:19 - Row :4 - Parsing item.
12-02-2021 @ 08:49:19 - Row :4 - Parsing failed. Reason: Product with same ID already exists. ID: 15
12-02-2021 @ 08:49:19 - Row :5 - Parsing item.
12-02-2021 @ 08:49:19 - Row :5 - Parsing failed. Reason: Product with same ID already exists. ID: 16
12-02-2021 @ 08:49:19 - Row :6 - Parsing item.
12-02-2021 @ 08:49:19 - Row :6 - Parsing failed. Reason: Product with same ID already exists. ID: 17
12-02-2021 @ 08:49:19 - Row :7 - Parsing item.
12-02-2021 @ 08:49:19 - Row :7 - Parsing failed. Reason: Product with same ID already exists. ID: 18
12-02-2021 @ 08:49:19 - Row :8 - Parsing item.
12-02-2021 @ 08:49:19 - Row :8 - Parsing failed. Reason: Product with same ID already exists. ID: 19
12-02-2021 @ 08:49:19 - Row :9 - Parsing item.
12-02-2021 @ 08:49:19 - Row :9 - Parsing failed. Reason: Product with same ID already exists. ID: 20
12-02-2021 @ 08:49:19 - Row :10 - Parsing item.
12-02-2021 @ 08:49:19 - Row :10 - Parsing failed. Reason: Product with same ID already exists. ID: 21
12-02-2021 @ 08:49:20 - Preparing for import.
12-02-2021 @ 08:49:20 - Row :11 - Parsing item.
12-02-2021 @ 08:49:20 - Row :11 - Parsing failed. Reason: Product with same ID already exists. ID: 41
12-02-2021 @ 08:49:20 - Row :12 - Parsing item.
12-02-2021 @ 08:49:20 - Row :12 - Parsing failed. Reason: Product with same ID already exists. ID: 67
12-02-2021 @ 08:49:20 - Row :13 - Parsing item.
12-02-2021 @ 08:49:20 - Row :13 - Parsing failed. Reason: Product with same ID already exists. ID: 68
12-02-2021 @ 08:49:20 - Row :14 - Parsing item.
12-02-2021 @ 08:49:20 - Row :14 - Parsing failed. Reason: Content, title, and excerpt are empty.
12-02-2021 @ 08:49:20 - Row :15 - Parsing item.
12-02-2021 @ 08:49:20 - Row :15 - Parsing failed. Reason: Importing Product(ID) conflicts with an existing post. ID: 45
12-02-2021 @ 08:49:20 - Row :16 - Parsing item.
12-02-2021 @ 08:49:20 - Row :16 - Parsing failed. Reason: Importing Product(ID) conflicts with an existing post. ID: 46
12-02-2021 @ 08:49:20 - Row :17 - Parsing item.
12-02-2021 @ 08:49:20 - Row :17 - Parsing failed. Reason: Importing Product(ID) conflicts with an existing post. ID: 47
12-02-2021 @ 08:49:20 - Row :18 - Parsing item.
12-02-2021 @ 08:49:20 - Row :18 - Parsing failed. Reason: Importing Product(ID) conflicts with an existing post. ID: 48
12-02-2021 @ 08:49:20 - Row :19 - Parsing item.
12-02-2021 @ 08:49:20 - Row :19 - Parsing failed. Reason: Content, title, and excerpt are empty.
12-02-2021 @ 08:49:20 - Row :20 - Parsing item.
12-02-2021 @ 08:49:20 - Row :20 - Parsing failed. Reason: Importing Product(ID) conflicts with an existing post. ID: 60
12-02-2021 @ 08:49:21 - Preparing for import.
12-02-2021 @ 08:49:21 - Row :21 - Parsing item.
12-02-2021 @ 08:49:22 - Row :21 - Parsing failed. Reason: Importing Product(ID) conflicts with an existing post. ID: 62
12-02-2021 @ 08:49:22 - Row :22 - Parsing item.
12-02-2021 @ 08:49:22 - Row :22 - Parsing failed. Reason: Importing Product(ID) conflicts with an existing post. ID: 64
12-02-2021 @ 08:49:22 - Row :23 - Parsing item.
12-02-2021 @ 08:49:22 - Row :23 - Parsing failed. Reason: Importing Product(ID) conflicts with an existing post. ID: 66
12-02-2021 @ 08:49:22 - Row :24 - Parsing item.
12-02-2021 @ 08:49:22 - Row :24 - Parsing failed. Reason: Product with same ID already exists. ID: 68
12-02-2021 @ 08:49:22 - Row :25 - Parsing item.
12-02-2021 @ 08:49:22 - Row :25 - Parsing failed. Reason: Content, title, and excerpt are empty.
12-02-2021 @ 08:49:22 - Row :26 - Parsing item.
12-02-2021 @ 08:49:22 - Row :26 - Parsing failed. Reason: Content, title, and excerpt are empty.
12-02-2021 @ 08:49:22 - Row :27 - Parsing item.
12-02-2021 @ 08:49:22 - Row :27 - Parsing failed. Reason: Content, title, and excerpt are empty.
12-02-2021 @ 08:49:22 - Row :28 - Parsing item.
12-02-2021 @ 08:49:22 - Row :28 - Parsing failed. Reason: Content, title, and excerpt are empty.
12-02-2021 @ 08:49:22 - Row :29 - Parsing item.
12-02-2021 @ 08:49:22 - Row :29 - Parsing failed. Reason: Content, title, and excerpt are empty.
12-02-2021 @ 08:49:22 - Row :30 - Parsing item.
12-02-2021 @ 08:49:22 - Row :30 - Parsing failed. Reason: Content, title, and excerpt are empty.
12-02-2021 @ 08:49:23 - Preparing for import.
12-02-2021 @ 08:49:23 - Row :31 - Parsing item.
12-02-2021 @ 08:49:23 - Row :31 - Parsing failed. Reason: Content, title, and excerpt are empty.
12-02-2021 @ 08:49:23 - Row :32 - Parsing item.
12-02-2021 @ 08:49:23 - Row :32 - Parsing failed. Reason: Content, title, and excerpt are empty.
12-02-2021 @ 08:49:23 - Row :33 - Parsing item.
12-02-2021 @ 08:49:23 - Row :33 - Parsing failed. Reason: Content, title, and excerpt are empty.
12-02-2021 @ 08:49:23 - Row :34 - Parsing item.
12-02-2021 @ 08:49:23 - Row :34 - Parsing failed. Reason: Content, title, and excerpt are empty.
12-02-2021 @ 08:49:23 - Row :35 - Parsing item.
12-02-2021 @ 08:49:23 - Row :35 - Parsing failed. Reason: Content, title, and excerpt are empty.
12-02-2021 @ 08:49:23 - Row :36 - Parsing item.
12-02-2021 @ 08:49:23 - Row :36 - Parsing failed. Reason: Content, title, and excerpt are empty.
12-02-2021 @ 08:49:23 - Row :37 - Parsing item.
12-02-2021 @ 08:49:23 - Row :37 - Parsing failed. Reason: Content, title, and excerpt are empty.
12-02-2021 @ 08:49:23 - Row :38 - Parsing item.
12-02-2021 @ 08:49:23 - Row :38 - Parsing failed. Reason: Content, title, and excerpt are empty.
12-02-2021 @ 08:49:23 - ---[ Import ended at 2021-12-02 08:49:23]---
